$ storybook build --output-dir /var/folders/kk/8zyr1h993kz5sr0t6wb165b00000gn/T/chromatic--72415-nDvpX3iwXbv7
@storybook/cli v8.0.9

info => Cleaning outputDir: ../../../../../../var/folders/kk/8zyr1h993kz5sr0t6wb165b00000gn/T/chromatic--72415-nDvpX3iwXbv7
info => Loading presets
info => Building manager..
info => Manager built (679 ms)
info => Building preview..
info Addon-docs: using MDX3
info => Using implicit CSS loaders
info => Using SWC as compiler
info => Using default Webpack5 setup
info Using tsconfig paths for react-docgen
WARN No story files found for the specified pattern: ***/**/*.mdx
WARN asset size limit: The following asset(s) exceed the recommended size limit (244 KiB).
WARN This can impact web performance.
WARN Assets: 
WARN   254.ab1b757c.iframe.bundle.js (1.64 MiB)
WARN   746.a4bbfc2d.iframe.bundle.js (626 KiB)
WARN entrypoint size limit: The following entrypoint(s) combined asset size exceeds the recommended limit (244 KiB). This can impact web performance.
WARN Entrypoints:
WARN   main (1.71 MiB)
WARN       runtime~main.2564bc6c.iframe.bundle.js
WARN       254.ab1b757c.iframe.bundle.js
WARN       main.c6db3fa3.iframe.bundle.js
WARN 
info => Preview built (41 s)
info => Output directory: /var/folders/kk/8zyr1h993kz5sr0t6wb165b00000gn/T/chromatic--72415-nDvpX3iwXbv7
